This is XeTeX, Version 3.14159265-2.6-0.999991 (MiKTeX 2.9.7050 64-bit) (preloaded format=xelatex 2020.8.19)  20 AUG 2020 18:37
entering extended mode
**./DSftLS_book.tex
(DSftLS_book.tex
LaTeX2e <2018-12-01>
("C:\Program Files\MiKTeX 2.9\tex/latex/base\book.cls"
Document Class: book 2018/09/03 v1.4i Standard LaTeX document class
("C:\Program Files\MiKTeX 2.9\tex/latex/base\bk10.clo"
File: bk10.clo 2018/09/03 v1.4i Standard LaTeX file (size option)
)
\c@part=\count80
\c@chapter=\count81
\c@section=\count82
\c@subsection=\count83
\c@subsubsection=\count84
\c@paragraph=\count85
\c@subparagraph=\count86
\c@figure=\count87
\c@table=\count88
\abovecaptionskip=\skip41
\belowcaptionskip=\skip42
\bibindent=\dimen102
) ("C:\Program Files\MiKTeX 2.9\tex/latex/lm\lmodern.sty"
Package: lmodern 2009/10/30 v1.6 Latin Modern Fonts
LaTeX Font Info:    Overwriting symbol font `operators' in version `normal'
(Font)                  OT1/cmr/m/n --> OT1/lmr/m/n on input line 22.
LaTeX Font Info:    Overwriting symbol font `letters' in version `normal'
(Font)                  OML/cmm/m/it --> OML/lmm/m/it on input line 23.
LaTeX Font Info:    Overwriting symbol font `symbols' in version `normal'
(Font)                  OMS/cmsy/m/n --> OMS/lmsy/m/n on input line 24.
LaTeX Font Info:    Overwriting symbol font `largesymbols' in version `normal'
(Font)                  OMX/cmex/m/n --> OMX/lmex/m/n on input line 25.
LaTeX Font Info:    Overwriting symbol font `operators' in version `bold'
(Font)                  OT1/cmr/bx/n --> OT1/lmr/bx/n on input line 26.
LaTeX Font Info:    Overwriting symbol font `letters' in version `bold'
(Font)                  OML/cmm/b/it --> OML/lmm/b/it on input line 27.
LaTeX Font Info:    Overwriting symbol font `symbols' in version `bold'
(Font)                  OMS/cmsy/b/n --> OMS/lmsy/b/n on input line 28.
LaTeX Font Info:    Overwriting symbol font `largesymbols' in version `bold'
(Font)                  OMX/cmex/m/n --> OMX/lmex/m/n on input line 29.
LaTeX Font Info:    Overwriting math alphabet `\mathbf' in version `normal'
(Font)                  OT1/cmr/bx/n --> OT1/lmr/bx/n on input line 31.
LaTeX Font Info:    Overwriting math alphabet `\mathsf' in version `normal'
(Font)                  OT1/cmss/m/n --> OT1/lmss/m/n on input line 32.
LaTeX Font Info:    Overwriting math alphabet `\mathit' in version `normal'
(Font)                  OT1/cmr/m/it --> OT1/lmr/m/it on input line 33.
LaTeX Font Info:    Overwriting math alphabet `\mathtt' in version `normal'
(Font)                  OT1/cmtt/m/n --> OT1/lmtt/m/n on input line 34.
LaTeX Font Info:    Overwriting math alphabet `\mathbf' in version `bold'
(Font)                  OT1/cmr/bx/n --> OT1/lmr/bx/n on input line 35.
LaTeX Font Info:    Overwriting math alphabet `\mathsf' in version `bold'
(Font)                  OT1/cmss/bx/n --> OT1/lmss/bx/n on input line 36.
LaTeX Font Info:    Overwriting math alphabet `\mathit' in version `bold'
(Font)                  OT1/cmr/bx/it --> OT1/lmr/bx/it on input line 37.
LaTeX Font Info:    Overwriting math alphabet `\mathtt' in version `bold'
(Font)                  OT1/cmtt/m/n --> OT1/lmtt/m/n on input line 38.
) ("C:\Program Files\MiKTeX 2.9\tex/latex/amsfonts\amssymb.sty"
Package: amssymb 2013/01/14 v3.01 AMS font symbols
("C:\Program Files\MiKTeX 2.9\tex/latex/amsfonts\amsfonts.sty"
Package: amsfonts 2013/01/14 v3.01 Basic AMSFonts support
\@emptytoks=\toks14
\symAMSa=\mathgroup4
\symAMSb=\mathgroup5
LaTeX Font Info:    Overwriting math alphabet `\mathfrak' in version `bold'
(Font)                  U/euf/m/n --> U/euf/b/n on input line 106.
)) ("C:\Program Files\MiKTeX 2.9\tex/latex/amsmath\amsmath.sty"
Package: amsmath 2018/12/01 v2.17b AMS math features
\@mathmargin=\skip43
For additional information on amsmath, use the `?' option.
("C:\Program Files\MiKTeX 2.9\tex/latex/amsmath\amstext.sty"
Package: amstext 2000/06/29 v2.01 AMS text
("C:\Program Files\MiKTeX 2.9\tex/latex/amsmath\amsgen.sty"
File: amsgen.sty 1999/11/30 v2.0 generic functions
\@emptytoks=\toks15
\ex@=\dimen103
)) ("C:\Program Files\MiKTeX 2.9\tex/latex/amsmath\amsbsy.sty"
Package: amsbsy 1999/11/29 v1.2d Bold Symbols
\pmbraise@=\dimen104
) ("C:\Program Files\MiKTeX 2.9\tex/latex/amsmath\amsopn.sty"
Package: amsopn 2016/03/08 v2.02 operator names
)
\inf@bad=\count89
LaTeX Info: Redefining \frac on input line 223.
\uproot@=\count90
\leftroot@=\count91
LaTeX Info: Redefining \overline on input line 385.
\classnum@=\count92
\DOTSCASE@=\count93
LaTeX Info: Redefining \ldots on input line 482.
LaTeX Info: Redefining \dots on input line 485.
LaTeX Info: Redefining \cdots on input line 606.
\Mathstrutbox@=\box27
\strutbox@=\box28
\big@size=\dimen105
LaTeX Font Info:    Redeclaring font encoding OML on input line 729.
LaTeX Font Info:    Redeclaring font encoding OMS on input line 730.
\macc@depth=\count94
\c@MaxMatrixCols=\count95
\dotsspace@=\muskip10
\c@parentequation=\count96
\dspbrk@lvl=\count97
\tag@help=\toks16
\row@=\count98
\column@=\count99
\maxfields@=\count100
\andhelp@=\toks17
\eqnshift@=\dimen106
\alignsep@=\dimen107
\tagshift@=\dimen108
\tagwidth@=\dimen109
\totwidth@=\dimen110
\lineht@=\dimen111
\@envbody=\toks18
\multlinegap=\skip44
\multlinetaggap=\skip45
\mathdisplay@stack=\toks19
LaTeX Info: Redefining \[ on input line 2844.
LaTeX Info: Redefining \] on input line 2845.
) ("C:\Program Files\MiKTeX 2.9\tex/generic/ifxetex\ifxetex.sty"
Package: ifxetex 2010/09/12 v0.6 Provides ifxetex conditional
) ("C:\Program Files\MiKTeX 2.9\tex/generic/oberdiek\ifluatex.sty"
Package: ifluatex 2016/05/16 v1.4 Provides the ifluatex switch (HO)
Package ifluatex Info: LuaTeX not detected.
)
(C:\Users\eiain\AppData\Roaming\MiKTeX\2.9\tex/latex/unicode-math\unicode-math.
sty (C:\Users\eiain\AppData\Roaming\MiKTeX\2.9\tex/latex/l3kernel\expl3.sty
Package: expl3 2020-08-07 L3 programming layer (loader) 
(C:\Users\eiain\AppData\Roaming\MiKTeX\2.9\tex/latex/l3kernel\expl3-code.tex
Package: expl3 2020-08-07 L3 programming layer (code)
\c_max_int=\count101
\l_tmpa_int=\count102
\l_tmpb_int=\count103
\g_tmpa_int=\count104
\g_tmpb_int=\count105
\l__seq_internal_a_int=\count106
\l__seq_internal_b_int=\count107
\g__kernel_prg_map_int=\count108
\c__ior_term_noprompt_ior=\count109
\c_log_iow=\count110
\l_iow_line_count_int=\count111
\l__iow_line_target_int=\count112
\l__iow_one_indent_int=\count113
\l__iow_indent_int=\count114
\c_zero_dim=\dimen112
\c_max_dim=\dimen113
\l_tmpa_dim=\dimen114
\l_tmpb_dim=\dimen115
\g_tmpa_dim=\dimen116
\g_tmpb_dim=\dimen117
\c_zero_skip=\skip46
\c_max_skip=\skip47
\l_tmpa_skip=\skip48
\l_tmpb_skip=\skip49
\g_tmpa_skip=\skip50
\g_tmpb_skip=\skip51
\c_zero_muskip=\muskip11
\c_max_muskip=\muskip12
\l_tmpa_muskip=\muskip13
\l_tmpb_muskip=\muskip14
\g_tmpa_muskip=\muskip15
\g_tmpb_muskip=\muskip16
\l_keys_choice_int=\count115
\l__intarray_loop_int=\count116
\c__intarray_sp_dim=\dimen118
\g__intarray_font_int=\count117
\c__fp_leading_shift_int=\count118
\c__fp_middle_shift_int=\count119
\c__fp_trailing_shift_int=\count120
\c__fp_big_leading_shift_int=\count121
\c__fp_big_middle_shift_int=\count122
\c__fp_big_trailing_shift_int=\count123
\c__fp_Bigg_leading_shift_int=\count124
\c__fp_Bigg_middle_shift_int=\count125
\c__fp_Bigg_trailing_shift_int=\count126
\g__fp_array_int=\count127
\l__fp_array_loop_int=\count128
\g__cctab_allocate_int=\count129
\l__sort_length_int=\count130
\l__sort_min_int=\count131
\l__sort_top_int=\count132
\l__sort_max_int=\count133
\l__sort_true_max_int=\count134
\l__sort_block_int=\count135
\l__sort_begin_int=\count136
\l__sort_end_int=\count137
\l__sort_A_int=\count138
\l__sort_B_int=\count139
\l__sort_C_int=\count140
\l__str_internal_int=\count141
\l__tl_analysis_normal_int=\count142
\l__tl_analysis_index_int=\count143
\l__tl_analysis_nesting_int=\count144
\l__tl_analysis_type_int=\count145
\l__regex_internal_a_int=\count146
\l__regex_internal_b_int=\count147
\l__regex_internal_c_int=\count148
\l__regex_balance_int=\count149
\l__regex_group_level_int=\count150
\l__regex_mode_int=\count151
\c__regex_cs_in_class_mode_int=\count152
\c__regex_cs_mode_int=\count153
\l__regex_catcodes_int=\count154
\l__regex_default_catcodes_int=\count155
\c__regex_catcode_L_int=\count156
\c__regex_catcode_O_int=\count157
\c__regex_catcode_A_int=\count158
\c__regex_all_catcodes_int=\count159
\l__regex_show_lines_int=\count160
\l__regex_min_state_int=\count161
\l__regex_max_state_int=\count162
\l__regex_left_state_int=\count163
\l__regex_right_state_int=\count164
\l__regex_capturing_group_int=\count165
\l__regex_min_pos_int=\count166
\l__regex_max_pos_int=\count167
\l__regex_curr_pos_int=\count168
\l__regex_start_pos_int=\count169
\l__regex_success_pos_int=\count170
\l__regex_curr_char_int=\count171
\l__regex_curr_catcode_int=\count172
\l__regex_last_char_int=\count173
\l__regex_case_changed_char_int=\count174
\l__regex_curr_state_int=\count175
\l__regex_step_int=\count176
\l__regex_min_active_int=\count177
\l__regex_max_active_int=\count178
\l__regex_replacement_csnames_int=\count179
\l__regex_match_count_int=\count180
\l__regex_min_submatch_int=\count181
\l__regex_submatch_int=\count182
\l__regex_zeroth_submatch_int=\count183
\g__regex_trace_regex_int=\count184
\c_empty_box=\box29
\l_tmpa_box=\box30
\l_tmpb_box=\box31
\g_tmpa_box=\box32
\g_tmpb_box=\box33
\l__box_top_dim=\dimen119
\l__box_bottom_dim=\dimen120
\l__box_left_dim=\dimen121
\l__box_right_dim=\dimen122
\l__box_top_new_dim=\dimen123
\l__box_bottom_new_dim=\dimen124
\l__box_left_new_dim=\dimen125
\l__box_right_new_dim=\dimen126
\l__box_internal_box=\box34
\l__coffin_internal_box=\box35
\l__coffin_internal_dim=\dimen127
\l__coffin_offset_x_dim=\dimen128
\l__coffin_offset_y_dim=\dimen129
\l__coffin_x_dim=\dimen130
\l__coffin_y_dim=\dimen131
\l__coffin_x_prime_dim=\dimen132
\l__coffin_y_prime_dim=\dimen133
\c_empty_coffin=\box36
\l__coffin_aligned_coffin=\box37
\l__coffin_aligned_internal_coffin=\box38
\l_tmpa_coffin=\box39
\l_tmpb_coffin=\box40
\g_tmpa_coffin=\box41
\g_tmpb_coffin=\box42
\l__coffin_bounding_shift_dim=\dimen134
\l__coffin_left_corner_dim=\dimen135
\l__coffin_right_corner_dim=\dimen136
\l__coffin_bottom_corner_dim=\dimen137
\l__coffin_top_corner_dim=\dimen138
\l__coffin_scaled_total_height_dim=\dimen139
\l__coffin_scaled_width_dim=\dimen140
\c__coffin_empty_coffin=\box43
\l__coffin_display_coffin=\box44
\l__coffin_display_coord_coffin=\box45
\l__coffin_display_pole_coffin=\box46
\l__coffin_display_offset_dim=\dimen141
\l__coffin_display_x_dim=\dimen142
\l__coffin_display_y_dim=\dimen143
\g__char_data_ior=\read1

(C:\Users\eiain\AppData\Roaming\MiKTeX\2.9\tex/latex/l3kernel\l3deprecation.def
File: l3deprecation.def 2019-04-06 v L3 Deprecated functions
))
(C:\Users\eiain\AppData\Roaming\MiKTeX\2.9\tex/latex/l3backend\l3backend-xdvipd
fmx.def
File: l3backend-xdvipdfmx.def 2020-08-07 L3 backend support: xdvipdfmx
\g__graphics_track_int=\count185
\l__pdf_internal_box=\box47
\g__pdf_backend_object_int=\count186
\g__pdf_backend_annotation_int=\count187
))
Package: unicode-math 2020/01/31 v0.8q Unicode maths in XeLaTeX and LuaLaTeX

(C:\Users\eiain\AppData\Roaming\MiKTeX\2.9\tex/latex/unicode-math\unicode-math-
xetex.sty
Package: unicode-math-xetex 2020/01/31 v0.8q Unicode maths in XeLaTeX and LuaLa
TeX

(C:\Users\eiain\AppData\Roaming\MiKTeX\2.9\tex/latex/l3packages/xparse\xparse.s
ty
Package: xparse 2020-05-15 L3 Experimental document command parser

(C:\Users\eiain\AppData\Roaming\MiKTeX\2.9\tex/latex/l3packages/xparse\xparse-g
eneric.tex
\l__xparse_current_arg_int=\count188
\g__xparse_grabber_int=\count189
\l__xparse_m_args_int=\count190
\l__xparse_v_nesting_int=\count191
))
(C:\Users\eiain\AppData\Roaming\MiKTeX\2.9\tex/latex/l3packages/l3keys2e\l3keys
2e.sty
Package: l3keys2e 2020-05-15 LaTeX2e option processing using LaTeX3 keys
) ("C:\Program Files\MiKTeX 2.9\tex/latex/fontspec\fontspec.sty"
Package: fontspec 2019/03/15 v2.7c Font selection for XeLaTeX and LuaLaTeX
("C:\Program Files\MiKTeX 2.9\tex/latex/fontspec\fontspec-xetex.sty"
Package: fontspec-xetex 2019/03/15 v2.7c Font selection for XeLaTeX and LuaLaTe
X
\l__fontspec_script_int=\count192
\l__fontspec_language_int=\count193
\l__fontspec_strnum_int=\count194
\l__fontspec_tmp_int=\count195
\l__fontspec_tmpa_int=\count196
\l__fontspec_tmpb_int=\count197
\l__fontspec_tmpc_int=\count198
\l__fontspec_em_int=\count199
\l__fontspec_emdef_int=\count266
\l__fontspec_strong_int=\count267
\l__fontspec_strongdef_int=\count268
\l__fontspec_tmpa_dim=\dimen144
\l__fontspec_tmpb_dim=\dimen145
\l__fontspec_tmpc_dim=\dimen146
("C:\Program Files\MiKTeX 2.9\tex/latex/base\fontenc.sty"
Package: fontenc 2018/08/11 v2.0j Standard LaTeX package
("C:\Program Files\MiKTeX 2.9\tex/latex/base\tuenc.def"
File: tuenc.def 2018/08/11 v2.0j Standard LaTeX file
LaTeX Font Info:    Redeclaring font encoding TU on input line 82.
)) ("C:\Program Files\MiKTeX 2.9\tex/latex/fontspec\fontspec.cfg")
LaTeX Info: Redefining \itshape on input line 4051.
LaTeX Info: Redefining \slshape on input line 4056.
LaTeX Info: Redefining \scshape on input line 4061.
LaTeX Info: Redefining \upshape on input line 4066.
LaTeX Info: Redefining \em on input line 4096.
LaTeX Info: Redefining \emph on input line 4121.
)) ("C:\Program Files\MiKTeX 2.9\tex/latex/base\fix-cm.sty"
Package: fix-cm 2015/01/14 v1.1t fixes to LaTeX
("C:\Program Files\MiKTeX 2.9\tex/latex/base\ts1enc.def"
File: ts1enc.def 2001/06/05 v3.0e (jk/car/fm) Standard LaTeX file
))
\g__um_fam_int=\count269
\g__um_fonts_used_int=\count270
\l__um_primecount_int=\count271
\g__um_primekern_muskip=\muskip17

(C:\Users\eiain\AppData\Roaming\MiKTeX\2.9\tex/latex/unicode-math\unicode-math-
table.tex))) (C:\Users\eiain\AppData\Roaming\MiKTeX\2.9\tex/latex/upquote\upquo
te.sty
Package: upquote 2012/04/19 v1.3 upright-quote and grave-accent glyphs in verba
tim
("C:\Program Files\MiKTeX 2.9\tex/latex/base\textcomp.sty"
Package: textcomp 2018/08/11 v2.0j Standard LaTeX package
Package textcomp Info: Sub-encoding information:
(textcomp)               5 = only ISO-Adobe without \textcurrency
(textcomp)               4 = 5 + \texteuro
(textcomp)               3 = 4 + \textohm
(textcomp)               2 = 3 + \textestimated + \textcurrency
(textcomp)               1 = TS1 - \textcircled - \t
(textcomp)               0 = TS1 (full)
(textcomp)             Font families with sub-encoding setting implement
(textcomp)             only a restricted character set as indicated.
(textcomp)             Family '?' is the default used for unknown fonts.
(textcomp)             See the documentation for details.
Package textcomp Info: Setting ? sub-encoding to TS1/1 on input line 79.
("C:\Program Files\MiKTeX 2.9\tex/latex/base\ts1enc.def"
File: ts1enc.def 2001/06/05 v3.0e (jk/car/fm) Standard LaTeX file
LaTeX Font Info:    Redeclaring font encoding TS1 on input line 47.
)
LaTeX Info: Redefining \oldstylenums on input line 334.
Package textcomp Info: Setting cmr sub-encoding to TS1/0 on input line 349.
Package textcomp Info: Setting cmss sub-encoding to TS1/0 on input line 350.
Package textcomp Info: Setting cmtt sub-encoding to TS1/0 on input line 351.
Package textcomp Info: Setting cmvtt sub-encoding to TS1/0 on input line 352.
Package textcomp Info: Setting cmbr sub-encoding to TS1/0 on input line 353.
Package textcomp Info: Setting cmtl sub-encoding to TS1/0 on input line 354.
Package textcomp Info: Setting ccr sub-encoding to TS1/0 on input line 355.
Package textcomp Info: Setting ptm sub-encoding to TS1/4 on input line 356.
Package textcomp Info: Setting pcr sub-encoding to TS1/4 on input line 357.
Package textcomp Info: Setting phv sub-encoding to TS1/4 on input line 358.
Package textcomp Info: Setting ppl sub-encoding to TS1/3 on input line 359.
Package textcomp Info: Setting pag sub-encoding to TS1/4 on input line 360.
Package textcomp Info: Setting pbk sub-encoding to TS1/4 on input line 361.
Package textcomp Info: Setting pnc sub-encoding to TS1/4 on input line 362.
Package textcomp Info: Setting pzc sub-encoding to TS1/4 on input line 363.
Package textcomp Info: Setting bch sub-encoding to TS1/4 on input line 364.
Package textcomp Info: Setting put sub-encoding to TS1/5 on input line 365.
Package textcomp Info: Setting uag sub-encoding to TS1/5 on input line 366.
Package textcomp Info: Setting ugq sub-encoding to TS1/5 on input line 367.
Package textcomp Info: Setting ul8 sub-encoding to TS1/4 on input line 368.
Package textcomp Info: Setting ul9 sub-encoding to TS1/4 on input line 369.
Package textcomp Info: Setting augie sub-encoding to TS1/5 on input line 370.
Package textcomp Info: Setting dayrom sub-encoding to TS1/3 on input line 371.
Package textcomp Info: Setting dayroms sub-encoding to TS1/3 on input line 372.

Package textcomp Info: Setting pxr sub-encoding to TS1/0 on input line 373.
Package textcomp Info: Setting pxss sub-encoding to TS1/0 on input line 374.
Package textcomp Info: Setting pxtt sub-encoding to TS1/0 on input line 375.
Package textcomp Info: Setting txr sub-encoding to TS1/0 on input line 376.
Package textcomp Info: Setting txss sub-encoding to TS1/0 on input line 377.
Package textcomp Info: Setting txtt sub-encoding to TS1/0 on input line 378.
Package textcomp Info: Setting lmr sub-encoding to TS1/0 on input line 379.
Package textcomp Info: Setting lmdh sub-encoding to TS1/0 on input line 380.
Package textcomp Info: Setting lmss sub-encoding to TS1/0 on input line 381.
Package textcomp Info: Setting lmssq sub-encoding to TS1/0 on input line 382.
Package textcomp Info: Setting lmvtt sub-encoding to TS1/0 on input line 383.
Package textcomp Info: Setting lmtt sub-encoding to TS1/0 on input line 384.
Package textcomp Info: Setting qhv sub-encoding to TS1/0 on input line 385.
Package textcomp Info: Setting qag sub-encoding to TS1/0 on input line 386.
Package textcomp Info: Setting qbk sub-encoding to TS1/0 on input line 387.
Package textcomp Info: Setting qcr sub-encoding to TS1/0 on input line 388.
Package textcomp Info: Setting qcs sub-encoding to TS1/0 on input line 389.
Package textcomp Info: Setting qpl sub-encoding to TS1/0 on input line 390.
Package textcomp Info: Setting qtm sub-encoding to TS1/0 on input line 391.
Package textcomp Info: Setting qzc sub-encoding to TS1/0 on input line 392.
Package textcomp Info: Setting qhvc sub-encoding to TS1/0 on input line 393.
Package textcomp Info: Setting futs sub-encoding to TS1/4 on input line 394.
Package textcomp Info: Setting futx sub-encoding to TS1/4 on input line 395.
Package textcomp Info: Setting futj sub-encoding to TS1/4 on input line 396.
Package textcomp Info: Setting hlh sub-encoding to TS1/3 on input line 397.
Package textcomp Info: Setting hls sub-encoding to TS1/3 on input line 398.
Package textcomp Info: Setting hlst sub-encoding to TS1/3 on input line 399.
Package textcomp Info: Setting hlct sub-encoding to TS1/5 on input line 400.
Package textcomp Info: Setting hlx sub-encoding to TS1/5 on input line 401.
Package textcomp Info: Setting hlce sub-encoding to TS1/5 on input line 402.
Package textcomp Info: Setting hlcn sub-encoding to TS1/5 on input line 403.
Package textcomp Info: Setting hlcw sub-encoding to TS1/5 on input line 404.
Package textcomp Info: Setting hlcf sub-encoding to TS1/5 on input line 405.
Package textcomp Info: Setting pplx sub-encoding to TS1/3 on input line 406.
Package textcomp Info: Setting pplj sub-encoding to TS1/3 on input line 407.
Package textcomp Info: Setting ptmx sub-encoding to TS1/4 on input line 408.
Package textcomp Info: Setting ptmj sub-encoding to TS1/4 on input line 409.
)) (C:\Users\eiain\AppData\Roaming\MiKTeX\2.9\tex/latex/microtype\microtype.sty
Package: microtype 2019/11/18 v2.7d Micro-typographical refinements (RS)
("C:\Program Files\MiKTeX 2.9\tex/latex/graphics\keyval.sty"
Package: keyval 2014/10/28 v1.15 key=value parser (DPC)
\KV@toks@=\toks20
)
\MT@toks=\toks21
\MT@count=\count272
LaTeX Info: Redefining \textls on input line 790.
\MT@outer@kern=\dimen147
LaTeX Info: Redefining \textmicrotypecontext on input line 1354.
\MT@listname@count=\count273

(C:\Users\eiain\AppData\Roaming\MiKTeX\2.9\tex/latex/microtype\microtype-xetex.
def
File: microtype-xetex.def 2019/11/18 v2.7d Definitions specific to xetex (RS)
LaTeX Info: Redefining \lsstyle on input line 258.
)
Package microtype Info: Loading configuration file microtype.cfg.
(C:\Users\eiain\AppData\Roaming\MiKTeX\2.9\tex/latex/microtype\microtype.cfg
File: microtype.cfg 2019/11/18 v2.7d microtype main configuration file (RS)
)) (C:\Users\eiain\AppData\Roaming\MiKTeX\2.9\tex/latex/parskip\parskip.sty
Package: parskip 2020-06-15 v2.0f non-zero parskip adjustments
("C:\Program Files\MiKTeX 2.9\tex/latex/oberdiek\kvoptions.sty"
Package: kvoptions 2016/05/16 v3.12 Key value format for package options (HO)
("C:\Program Files\MiKTeX 2.9\tex/generic/oberdiek\ltxcmds.sty"
Package: ltxcmds 2016/05/16 v1.23 LaTeX kernel commands for general use (HO)
) ("C:\Program Files\MiKTeX 2.9\tex/generic/oberdiek\kvsetkeys.sty"
Package: kvsetkeys 2016/05/16 v1.17 Key value parser (HO)
("C:\Program Files\MiKTeX 2.9\tex/generic/oberdiek\infwarerr.sty"
Package: infwarerr 2016/05/16 v1.4 Providing info/warning/error messages (HO)
) ("C:\Program Files\MiKTeX 2.9\tex/generic/oberdiek\etexcmds.sty"
Package: etexcmds 2016/05/16 v1.6 Avoid name clashes with e-TeX commands (HO)
))) (C:\Users\eiain\AppData\Roaming\MiKTeX\2.9\tex/latex/etoolbox\etoolbox.sty
Package: etoolbox 2020/07/15 v2.5i e-TeX tools for LaTeX (JAW)
\etb@tempcnta=\count274
)) (C:\Users\eiain\AppData\Roaming\MiKTeX\2.9\tex/latex/xcolor\xcolor.sty
Package: xcolor 2016/05/11 v2.12 LaTeX color extensions (UK)
("C:\Program Files\MiKTeX 2.9\tex/latex/graphics-cfg\color.cfg"
File: color.cfg 2016/01/02 v1.6 sample color configuration
)
Package xcolor Info: Driver file: xetex.def on input line 225.
("C:\Program Files\MiKTeX 2.9\tex/latex/graphics-def\xetex.def"
File: xetex.def 2017/06/24 v5.0h Graphics/color driver for xetex
)
Package xcolor Info: Model `cmy' substituted by `cmy0' on input line 1348.
Package xcolor Info: Model `RGB' extended on input line 1364.
Package xcolor Info: Model `HTML' substituted by `rgb' on input line 1366.
Package xcolor Info: Model `Hsb' substituted by `hsb' on input line 1367.
Package xcolor Info: Model `tHsb' substituted by `hsb' on input line 1368.
Package xcolor Info: Model `HSB' substituted by `hsb' on input line 1369.
Package xcolor Info: Model `Gray' substituted by `gray' on input line 1370.
Package xcolor Info: Model `wave' substituted by `hsb' on input line 1371.
) (C:\Users\eiain\AppData\Roaming\MiKTeX\2.9\tex/latex/xurl\xurl.sty
Package: xurl 2020/01/24 v 0.09 modify URL breaks
(C:\Users\eiain\AppData\Roaming\MiKTeX\2.9\tex/latex/url\url.sty
\Urlmuskip=\muskip18
Package: url 2013/09/16  ver 3.4  Verb mode for urls, etc.
)) ("C:\Program Files\MiKTeX 2.9\tex/latex/oberdiek\bookmark.sty"
Package: bookmark 2016/05/17 v1.26 PDF bookmarks (HO)
("C:\Program Files\MiKTeX 2.9\tex/generic/oberdiek\pdfescape.sty"
Package: pdfescape 2016/05/16 v1.14 Implements pdfTeX's escape features (HO)
("C:\Program Files\MiKTeX 2.9\tex/generic/oberdiek\pdftexcmds.sty"
Package: pdftexcmds 2018/09/10 v0.29 Utility functions of pdfTeX for LuaTeX (HO
)
("C:\Program Files\MiKTeX 2.9\tex/generic/oberdiek\ifpdf.sty"
Package: ifpdf 2018/09/07 v3.3 Provides the ifpdf switch
)
Package pdftexcmds Info: LuaTeX not detected.
Package pdftexcmds Info: pdfTeX >= 1.30 not detected.
Package pdftexcmds Info: \pdf@primitive is available.
Package pdftexcmds Info: \pdf@ifprimitive is available.
Package pdftexcmds Info: \pdfdraftmode not found.
)) ("C:\Program Files\MiKTeX 2.9\tex/generic/oberdiek\ifvtex.sty"
Package: ifvtex 2016/05/16 v1.6 Detect VTeX and its facilities (HO)
Package ifvtex Info: VTeX not detected.
) ("C:\Program Files\MiKTeX 2.9\tex/latex/hyperref\hyperref.sty"
Package: hyperref 2018/11/30 v6.88e Hypertext links for LaTeX

(C:\Users\eiain\AppData\Roaming\MiKTeX\2.9\tex/latex/hobsub\hobsub-hyperref.sty
Package: hobsub-hyperref 2019-11-14
hobsub not currently supported, see hobsub.dtx to extract original code
("C:\Program Files\MiKTeX 2.9\tex/generic/oberdiek\kvdefinekeys.sty"
Package: kvdefinekeys 2016/05/16 v1.4 Define keys (HO)
) ("C:\Program Files\MiKTeX 2.9\tex/latex/oberdiek\hycolor.sty"
Package: hycolor 2016/05/16 v1.8 Color options for hyperref/bookmark (HO)
("C:\Program Files\MiKTeX 2.9\tex/latex/oberdiek\xcolor-patch.sty"
Package: xcolor-patch 2016/05/16 xcolor patch
("C:\Program Files\MiKTeX 2.9\tex/latex/oberdiek\hopatch.sty"
Package: hopatch 2016/05/16 v1.3 Wrapper for package hooks (HO)
))) ("C:\Program Files\MiKTeX 2.9\tex/latex/oberdiek\letltxmacro.sty"
Package: letltxmacro 2016/05/16 v1.5 Let assignment for LaTeX macros (HO)
)) ("C:\Program Files\MiKTeX 2.9\tex/latex/oberdiek\auxhook.sty"
Package: auxhook 2016/05/16 v1.4 Hooks for auxiliary files (HO)
)
\@linkdim=\dimen148
\Hy@linkcounter=\count275
\Hy@pagecounter=\count276
("C:\Program Files\MiKTeX 2.9\tex/latex/hyperref\pd1enc.def"
File: pd1enc.def 2018/11/30 v6.88e Hyperref: PDFDocEncoding definition (HO)
) ("C:\Program Files\MiKTeX 2.9\tex/generic/oberdiek\intcalc.sty"
Package: intcalc 2016/05/16 v1.2 Expandable calculations with integers (HO)
)
\Hy@SavedSpaceFactor=\count277
("C:\Program Files\MiKTeX 2.9\tex/latex/00miktex\hyperref.cfg"
File: hyperref.cfg 2002/06/06 v1.2 hyperref configuration of TeXLive
)
Package hyperref Info: Option `unicode' set `true' on input line 4393.
("C:\Program Files\MiKTeX 2.9\tex/latex/hyperref\puenc.def"
File: puenc.def 2018/11/30 v6.88e Hyperref: PDF Unicode definition (HO)
)
Package hyperref Info: Hyper figures OFF on input line 4519.
Package hyperref Info: Link nesting OFF on input line 4524.
Package hyperref Info: Hyper index ON on input line 4527.
Package hyperref Info: Plain pages OFF on input line 4534.
Package hyperref Info: Backreferencing OFF on input line 4539.
Package hyperref Info: Implicit mode ON; LaTeX internals redefined.
Package hyperref Info: Bookmarks ON on input line 4772.
\c@Hy@tempcnt=\count278
LaTeX Info: Redefining \url on input line 5125.
\XeTeXLinkMargin=\dimen149
("C:\Program Files\MiKTeX 2.9\tex/generic/oberdiek\bitset.sty"
Package: bitset 2016/05/16 v1.2 Handle bit-vector datatype (HO)
("C:\Program Files\MiKTeX 2.9\tex/generic/oberdiek\bigintcalc.sty"
Package: bigintcalc 2016/05/16 v1.4 Expandable calculations on big integers (HO
)
))
\Fld@menulength=\count279
\Field@Width=\dimen150
\Fld@charsize=\dimen151
Package hyperref Info: Hyper figures OFF on input line 6380.
Package hyperref Info: Link nesting OFF on input line 6385.
Package hyperref Info: Hyper index ON on input line 6388.
Package hyperref Info: backreferencing OFF on input line 6395.
Package hyperref Info: Link coloring OFF on input line 6400.
Package hyperref Info: Link coloring with OCG OFF on input line 6405.
Package hyperref Info: PDF/A mode OFF on input line 6410.
LaTeX Info: Redefining \ref on input line 6450.
LaTeX Info: Redefining \pageref on input line 6454.
("C:\Program Files\MiKTeX 2.9\tex/generic/oberdiek\atbegshi.sty"
Package: atbegshi 2016/06/09 v1.18 At begin shipout hook (HO)
)
\Hy@abspage=\count280
\c@Item=\count281
\c@Hfootnote=\count282
)
Package hyperref Info: Driver (autodetected): hxetex.
("C:\Program Files\MiKTeX 2.9\tex/latex/hyperref\hxetex.def"
File: hxetex.def 2018/11/30 v6.88e Hyperref driver for XeTeX
("C:\Program Files\MiKTeX 2.9\tex/generic/oberdiek\stringenc.sty"
Package: stringenc 2016/05/16 v1.11 Convert strings between diff. encodings (HO
)
)
\pdfm@box=\box48
\c@Hy@AnnotLevel=\count283
\HyField@AnnotCount=\count284
\Fld@listcount=\count285
\c@bookmark@seq@number=\count286
("C:\Program Files\MiKTeX 2.9\tex/latex/oberdiek\rerunfilecheck.sty"
Package: rerunfilecheck 2016/05/16 v1.8 Rerun checks for auxiliary files (HO)
("C:\Program Files\MiKTeX 2.9\tex/latex/oberdiek\atveryend.sty"
Package: atveryend 2016/05/16 v1.9 Hooks at the very end of document (HO)
) ("C:\Program Files\MiKTeX 2.9\tex/generic/oberdiek\uniquecounter.sty"
Package: uniquecounter 2016/05/16 v1.3 Provide unlimited unique counter (HO)
)
Package uniquecounter Info: New unique counter `rerunfilecheck' on input line 2
82.
)
\Hy@SectionHShift=\skip52
) ("C:\Program Files\MiKTeX 2.9\tex/latex/oberdiek\bkm-dvipdfm.def"
File: bkm-dvipdfm.def 2016/05/17 v1.26 bookmark driver for dvipdfm (HO)
\BKM@id=\count287
)) (C:\Users\eiain\AppData\Roaming\MiKTeX\2.9\tex/latex/fancyvrb\fancyvrb.sty
Package: fancyvrb 2020/05/03 v3.6 verbatim text (tvz,hv)
\FV@CodeLineNo=\count288
\FV@InFile=\read2
\FV@TabBox=\box49
\c@FancyVerbLine=\count289
\FV@StepNumber=\count290
\FV@OutFile=\write3
) (C:\Users\eiain\AppData\Roaming\MiKTeX\2.9\tex/latex/framed\framed.sty
Package: framed 2011/10/22 v 0.96: framed or shaded text with page breaks
\OuterFrameSep=\skip53
\fb@frw=\dimen152
\fb@frh=\dimen153
\FrameRule=\dimen154
\FrameSep=\dimen155
) ("C:\Program Files\MiKTeX 2.9\tex/latex/tools\longtable.sty"
Package: longtable 2014/10/28 v4.11 Multi-page Table package (DPC)+ FMi change
\LTleft=\skip54
\LTright=\skip55
\LTpre=\skip56
\LTpost=\skip57
\LTchunksize=\count291
\LTcapwidth=\dimen156
\LT@head=\box50
\LT@firsthead=\box51
\LT@foot=\box52
\LT@lastfoot=\box53
\LT@cols=\count292
\LT@rows=\count293
\c@LT@tables=\count294
\c@LT@chunks=\count295
\LT@p@ftn=\toks22
) (C:\Users\eiain\AppData\Roaming\MiKTeX\2.9\tex/latex/booktabs\booktabs.sty
Package: booktabs 2020/01/12 v1.61803398 Publication quality tables
\heavyrulewidth=\dimen157
\lightrulewidth=\dimen158
\cmidrulewidth=\dimen159
\belowrulesep=\dimen160
\belowbottomsep=\dimen161
\aboverulesep=\dimen162
\abovetopsep=\dimen163
\cmidrulesep=\dimen164
\cmidrulekern=\dimen165
\defaultaddspace=\dimen166
\@cmidla=\count296
\@cmidlb=\count297
\@aboverulesep=\dimen167
\@belowrulesep=\dimen168
\@thisruleclass=\count298
\@lastruleclass=\count299
\@thisrulewidth=\dimen169
)
(C:\Users\eiain\AppData\Roaming\MiKTeX\2.9\tex/latex/footnotehyper\footnotehype
r.sty
Package: footnotehyper 2019/11/07 v1.1a hyperref aware footnote.sty (JFB)
\FNH@notes=\box54
\FNH@width=\dimen170
) ("C:\Program Files\MiKTeX 2.9\tex/latex/graphics\graphicx.sty"
Package: graphicx 2017/06/01 v1.1a Enhanced LaTeX Graphics (DPC,SPQR)
("C:\Program Files\MiKTeX 2.9\tex/latex/graphics\graphics.sty"
Package: graphics 2017/06/25 v1.2c Standard LaTeX Graphics (DPC,SPQR)
("C:\Program Files\MiKTeX 2.9\tex/latex/graphics\trig.sty"
Package: trig 2016/01/03 v1.10 sin cos tan (DPC)
) ("C:\Program Files\MiKTeX 2.9\tex/latex/graphics-cfg\graphics.cfg"
File: graphics.cfg 2016/06/04 v1.11 sample graphics configuration
)
Package graphics Info: Driver file: xetex.def on input line 99.
)
\Gin@req@height=\dimen171
\Gin@req@width=\dimen172
) ("C:\Program Files\MiKTeX 2.9\tex/latex/oberdiek\grffile.sty"
Package: grffile 2017/06/30 v1.18 Extended file name support for graphics (HO)
Package grffile Info: Option `multidot' is set to `true'.
Package grffile Info: Option `extendedchars' is set to `false'.
Package grffile Info: Option `space' is set to `true'.
Package grffile Info: \Gin@ii of package `graphicx' fixed on input line 494.
) ("C:\Program Files\MiKTeX 2.9\tex/latex/amscls\amsthm.sty"
Package: amsthm 2017/10/31 v2.20.4
\thm@style=\toks23
\thm@bodyfont=\toks24
\thm@headfont=\toks25
\thm@notefont=\toks26
\thm@headpunct=\toks27
\thm@preskip=\skip58
\thm@postskip=\skip59
\thm@headsep=\skip60
\dth@everypar=\toks28
) (C:\Users\eiain\AppData\Roaming\MiKTeX\2.9\tex/latex/natbib\natbib.sty
Package: natbib 2010/09/13 8.31b (PWD, AO)
\bibhang=\skip61
\bibsep=\skip62
LaTeX Info: Redefining \cite on input line 694.
\c@NAT@ctr=\count300
) (DSftLS_book.aux

LaTeX Warning: Label `resources' multiply defined.


LaTeX Warning: Label `resources' multiply defined.


LaTeX Warning: Label `packages' multiply defined.


LaTeX Warning: Label `part-1' multiply defined.


LaTeX Warning: Label `user-guide' multiply defined.


LaTeX Warning: Label `subsetting-data' multiply defined.


LaTeX Warning: Label `part-2' multiply defined.


LaTeX Warning: Label `final-tips' multiply defined.


LaTeX Warning: Label `resources' multiply defined.


LaTeX Warning: Label `packages' multiply defined.


LaTeX Warning: Label `part-1' multiply defined.


LaTeX Warning: Label `user-guide' multiply defined.


LaTeX Warning: Label `subsetting-data' multiply defined.


LaTeX Warning: Label `part-2' multiply defined.

)
\openout1 = `DSftLS_book.aux'.

LaTeX Font Info:    Checking defaults for OML/cmm/m/it on input line 125.
LaTeX Font Info:    ... okay on input line 125.
LaTeX Font Info:    Checking defaults for T1/cmr/m/n on input line 125.
LaTeX Font Info:    ... okay on input line 125.
LaTeX Font Info:    Checking defaults for OT1/cmr/m/n on input line 125.
LaTeX Font Info:    ... okay on input line 125.
LaTeX Font Info:    Checking defaults for OMS/cmsy/m/n on input line 125.
LaTeX Font Info:    ... okay on input line 125.
LaTeX Font Info:    Checking defaults for TU/lmr/m/n on input line 125.
LaTeX Font Info:    ... okay on input line 125.
LaTeX Font Info:    Checking defaults for OMX/cmex/m/n on input line 125.
LaTeX Font Info:    ... okay on input line 125.
LaTeX Font Info:    Checking defaults for U/cmr/m/n on input line 125.
LaTeX Font Info:    ... okay on input line 125.
LaTeX Font Info:    Checking defaults for TS1/cmr/m/n on input line 125.
LaTeX Font Info:    ... okay on input line 125.
LaTeX Font Info:    Checking defaults for PD1/pdf/m/n on input line 125.
LaTeX Font Info:    ... okay on input line 125.
LaTeX Font Info:    Checking defaults for PU/pdf/m/n on input line 125.
LaTeX Font Info:    ... okay on input line 125.
LaTeX Font Info:    Overwriting math alphabet `\mathrm' in version `normal'
(Font)                  OT1/lmr/m/n --> TU/lmr/m/n on input line 125.
LaTeX Font Info:    Overwriting math alphabet `\mathit' in version `normal'
(Font)                  OT1/lmr/m/it --> TU/lmr/m/it on input line 125.
LaTeX Font Info:    Overwriting math alphabet `\mathbf' in version `normal'
(Font)                  OT1/lmr/bx/n --> TU/lmr/bx/n on input line 125.
LaTeX Font Info:    Overwriting math alphabet `\mathsf' in version `normal'
(Font)                  OT1/lmss/m/n --> TU/lmss/m/n on input line 125.
LaTeX Font Info:    Overwriting math alphabet `\mathsf' in version `bold'
(Font)                  OT1/lmss/bx/n --> TU/lmss/bx/n on input line 125.
LaTeX Font Info:    Overwriting math alphabet `\mathtt' in version `normal'
(Font)                  OT1/lmtt/m/n --> TU/lmtt/m/n on input line 125.
LaTeX Font Info:    Overwriting math alphabet `\mathtt' in version `bold'
(Font)                  OT1/lmtt/m/n --> TU/lmtt/bx/n on input line 125.

Package fontspec Info: latinmodern-math scale = 1.


Package fontspec Info: latinmodern-math scale = 1.


Package fontspec Info: latinmodern-math scale = 1.


Package fontspec Info: Font family 'latinmodern-math.otf(0)' created for font
(fontspec)             'latinmodern-math.otf' with options
(fontspec)             [Scale=MatchLowercase,BoldItalicFont={},ItalicFont={},Sm
allCapsFont={},Script=Math,BoldFont={latinmodern-math.otf}].
(fontspec)              
(fontspec)              This font family consists of the following NFSS
(fontspec)             series/shapes:
(fontspec)              
(fontspec)             - 'normal' (m/n) with NFSS spec.:
(fontspec)             <->s*[1]"[latinmodern-math.otf]/OT:script=math;language=
DFLT;"
(fontspec)             - 'small caps'  (m/sc) with NFSS spec.: 
(fontspec)             - 'bold' (bx/n) with NFSS spec.:
(fontspec)             <->s*[1]"[latinmodern-math.otf]/OT:script=math;language=
DFLT;"
(fontspec)             - 'bold small caps'  (bx/sc) with NFSS spec.: 

LaTeX Font Info:    Font shape `TU/latinmodern-math.otf(0)/m/n' will be
(Font)              scaled to size 10.0pt on input line 125.

Package fontspec Info: latinmodern-math scale = 1.


Package fontspec Info: latinmodern-math scale = 1.


Package fontspec Info: latinmodern-math scale = 1.


Package fontspec Info: latinmodern-math scale = 1.


Package fontspec Info: latinmodern-math scale = 1.


Package fontspec Info: Font family 'latinmodern-math.otf(1)' created for font
(fontspec)             'latinmodern-math.otf' with options
(fontspec)             [Scale=MatchLowercase,BoldItalicFont={},ItalicFont={},Sm
allCapsFont={},Script=Math,SizeFeatures={{Size=8.5-},{Size=6-8.5,Font=latinmode
rn-math.otf,Style=MathScript},{Size=-6,Font=latinmodern-math.otf,Style=MathScri
ptScript}},BoldFont={latinmodern-math.otf}].
(fontspec)              
(fontspec)              This font family consists of the following NFSS
(fontspec)             series/shapes:
(fontspec)              
(fontspec)             - 'normal' (m/n) with NFSS spec.:
(fontspec)             <8.5->s*[1]"[latinmodern-math.otf]/OT:script=math;langua
ge=DFLT;"<6-8.5>s*[1]"[latinmodern-math.otf]/OT:script=math;language=DFLT;+ssty
=0;"<-6>s*[1]"[latinmodern-math.otf]/OT:script=math;language=DFLT;+ssty=1;"
(fontspec)             - 'small caps'  (m/sc) with NFSS spec.: 
(fontspec)             - 'bold' (bx/n) with NFSS spec.:
(fontspec)             <->s*[1]"[latinmodern-math.otf]/OT:script=math;language=
DFLT;"
(fontspec)             - 'bold small caps'  (bx/sc) with NFSS spec.: 

LaTeX Font Info:    Font shape `TU/latinmodern-math.otf(1)/m/n' will be
(Font)              scaled to size 10.0pt on input line 125.
LaTeX Font Info:    Encoding `OT1' has changed to `TU' for symbol font
(Font)              `operators' in the math version `normal' on input line 125.

LaTeX Font Info:    Overwriting symbol font `operators' in version `normal'
(Font)                  OT1/lmr/m/n --> TU/latinmodern-math.otf(1)/m/n on input
 line 125.
LaTeX Font Info:    Encoding `OT1' has changed to `TU' for symbol font
(Font)              `operators' in the math version `bold' on input line 125.
LaTeX Font Info:    Overwriting symbol font `operators' in version `bold'
(Font)                  OT1/lmr/bx/n --> TU/latinmodern-math.otf(1)/bx/n on inp
ut line 125.

Package fontspec Info: latinmodern-math scale = 1.


Package fontspec Info: latinmodern-math scale = 1.0001.


Package fontspec Info: latinmodern-math scale = 1.


Package fontspec Info: latinmodern-math scale = 1.0001.


Package fontspec Info: latinmodern-math scale = 1.


Package fontspec Info: latinmodern-math scale = 1.0001.


Package fontspec Info: latinmodern-math scale = 1.


Package fontspec Info: latinmodern-math scale = 1.0001.


Package fontspec Info: latinmodern-math scale = 1.


Package fontspec Info: latinmodern-math scale = 1.0001.


Package fontspec Info: Font family 'latinmodern-math.otf(2)' created for font
(fontspec)             'latinmodern-math.otf' with options
(fontspec)             [Scale=MatchLowercase,BoldItalicFont={},ItalicFont={},Sm
allCapsFont={},Script=Math,SizeFeatures={{Size=8.5-},{Size=6-8.5,Font=latinmode
rn-math.otf,Style=MathScript},{Size=-6,Font=latinmodern-math.otf,Style=MathScri
ptScript}},BoldFont={latinmodern-math.otf},ScaleAgain=1.0001,FontAdjustment={\f
ontdimen
(fontspec)             8\font =6.77pt\relax \fontdimen 9\font =3.94pt\relax
(fontspec)             \fontdimen 10\font =4.44pt\relax \fontdimen 11\font
(fontspec)             =6.86pt\relax \fontdimen 12\font =3.45pt\relax
(fontspec)             \fontdimen 13\font =3.63pt\relax \fontdimen 14\font
(fontspec)             =3.63pt\relax \fontdimen 15\font =2.89pt\relax
(fontspec)             \fontdimen 16\font =2.47pt\relax \fontdimen 17\font
(fontspec)             =2.47pt\relax \fontdimen 18\font =2.5pt\relax
(fontspec)             \fontdimen 19\font =2.0pt\relax \fontdimen 22\font
(fontspec)             =2.5pt\relax \fontdimen 20\font =0pt\relax \fontdimen
(fontspec)             21\font =0pt\relax }].
(fontspec)              
(fontspec)              This font family consists of the following NFSS
(fontspec)             series/shapes:
(fontspec)              
(fontspec)             - 'normal' (m/n) with NFSS spec.:
(fontspec)             <8.5->s*[1.0001]"[latinmodern-math.otf]/OT:script=math;l
anguage=DFLT;"<6-8.5>s*[1.0001]"[latinmodern-math.otf]/OT:script=math;language=
DFLT;+ssty=0;"<-6>s*[1.0001]"[latinmodern-math.otf]/OT:script=math;language=DFL
T;+ssty=1;"
(fontspec)             - 'small caps'  (m/sc) with NFSS spec.: 
(fontspec)             and font adjustment code:
(fontspec)             \fontdimen 8\font =6.77pt\relax \fontdimen 9\font
(fontspec)             =3.94pt\relax \fontdimen 10\font =4.44pt\relax
(fontspec)             \fontdimen 11\font =6.86pt\relax \fontdimen 12\font
(fontspec)             =3.45pt\relax \fontdimen 13\font =3.63pt\relax
(fontspec)             \fontdimen 14\font =3.63pt\relax \fontdimen 15\font
(fontspec)             =2.89pt\relax \fontdimen 16\font =2.47pt\relax
(fontspec)             \fontdimen 17\font =2.47pt\relax \fontdimen 18\font
(fontspec)             =2.5pt\relax \fontdimen 19\font =2.0pt\relax \fontdimen
(fontspec)             22\font =2.5pt\relax \fontdimen 20\font =0pt\relax
(fontspec)             \fontdimen 21\font =0pt\relax 
(fontspec)             - 'bold' (bx/n) with NFSS spec.:
(fontspec)             <->s*[1.0001]"[latinmodern-math.otf]/OT:script=math;lang
uage=DFLT;"
(fontspec)             - 'bold small caps'  (bx/sc) with NFSS spec.: 
(fontspec)             and font adjustment code:
(fontspec)             \fontdimen 8\font =6.77pt\relax \fontdimen 9\font
(fontspec)             =3.94pt\relax \fontdimen 10\font =4.44pt\relax
(fontspec)             \fontdimen 11\font =6.86pt\relax \fontdimen 12\font
(fontspec)             =3.45pt\relax \fontdimen 13\font =3.63pt\relax
(fontspec)             \fontdimen 14\font =3.63pt\relax \fontdimen 15\font
(fontspec)             =2.89pt\relax \fontdimen 16\font =2.47pt\relax
(fontspec)             \fontdimen 17\font =2.47pt\relax \fontdimen 18\font
(fontspec)             =2.5pt\relax \fontdimen 19\font =2.0pt\relax \fontdimen
(fontspec)             22\font =2.5pt\relax \fontdimen 20\font =0pt\relax
(fontspec)             \fontdimen 21\font =0pt\relax 

LaTeX Font Info:    Encoding `OMS' has changed to `TU' for symbol font
(Font)              `symbols' in the math version `normal' on input line 125.
LaTeX Font Info:    Overwriting symbol font `symbols' in version `normal'
(Font)                  OMS/lmsy/m/n --> TU/latinmodern-math.otf(2)/m/n on inpu
t line 125.
LaTeX Font Info:    Encoding `OMS' has changed to `TU' for symbol font
(Font)              `symbols' in the math version `bold' on input line 125.
LaTeX Font Info:    Overwriting symbol font `symbols' in version `bold'
(Font)                  OMS/lmsy/b/n --> TU/latinmodern-math.otf(2)/bx/n on inp
ut line 125.

Package fontspec Info: latinmodern-math scale = 1.


Package fontspec Info: latinmodern-math scale = 0.9999.


Package fontspec Info: latinmodern-math scale = 1.


Package fontspec Info: latinmodern-math scale = 0.9999.


Package fontspec Info: latinmodern-math scale = 1.


Package fontspec Info: latinmodern-math scale = 0.9999.


Package fontspec Info: latinmodern-math scale = 1.


Package fontspec Info: latinmodern-math scale = 0.9999.


Package fontspec Info: latinmodern-math scale = 1.


Package fontspec Info: latinmodern-math scale = 0.9999.


Package fontspec Info: Font family 'latinmodern-math.otf(3)' created for font
(fontspec)             'latinmodern-math.otf' with options
(fontspec)             [Scale=MatchLowercase,BoldItalicFont={},ItalicFont={},Sm
allCapsFont={},Script=Math,SizeFeatures={{Size=8.5-},{Size=6-8.5,Font=latinmode
rn-math.otf,Style=MathScript},{Size=-6,Font=latinmodern-math.otf,Style=MathScri
ptScript}},BoldFont={latinmodern-math.otf},ScaleAgain=0.9999,FontAdjustment={\f
ontdimen
(fontspec)             8\font =0.4pt\relax \fontdimen 9\font =2.0pt\relax
(fontspec)             \fontdimen 10\font =1.67pt\relax \fontdimen 11\font
(fontspec)             =1.11pt\relax \fontdimen 12\font =6.0pt\relax
(fontspec)             \fontdimen 13\font =0pt\relax }].
(fontspec)              
(fontspec)              This font family consists of the following NFSS
(fontspec)             series/shapes:
(fontspec)              
(fontspec)             - 'normal' (m/n) with NFSS spec.:
(fontspec)             <8.5->s*[0.9999]"[latinmodern-math.otf]/OT:script=math;l
anguage=DFLT;"<6-8.5>s*[0.9999]"[latinmodern-math.otf]/OT:script=math;language=
DFLT;+ssty=0;"<-6>s*[0.9999]"[latinmodern-math.otf]/OT:script=math;language=DFL
T;+ssty=1;"
(fontspec)             - 'small caps'  (m/sc) with NFSS spec.: 
(fontspec)             and font adjustment code:
(fontspec)             \fontdimen 8\font =0.4pt\relax \fontdimen 9\font
(fontspec)             =2.0pt\relax \fontdimen 10\font =1.67pt\relax
(fontspec)             \fontdimen 11\font =1.11pt\relax \fontdimen 12\font
(fontspec)             =6.0pt\relax \fontdimen 13\font =0pt\relax 
(fontspec)             - 'bold' (bx/n) with NFSS spec.:
(fontspec)             <->s*[0.9999]"[latinmodern-math.otf]/OT:script=math;lang
uage=DFLT;"
(fontspec)             - 'bold small caps'  (bx/sc) with NFSS spec.: 
(fontspec)             and font adjustment code:
(fontspec)             \fontdimen 8\font =0.4pt\relax \fontdimen 9\font
(fontspec)             =2.0pt\relax \fontdimen 10\font =1.67pt\relax
(fontspec)             \fontdimen 11\font =1.11pt\relax \fontdimen 12\font
(fontspec)             =6.0pt\relax \fontdimen 13\font =0pt\relax 

LaTeX Font Info:    Encoding `OMX' has changed to `TU' for symbol font
(Font)              `largesymbols' in the math version `normal' on input line 1
25.
LaTeX Font Info:    Overwriting symbol font `largesymbols' in version `normal'
(Font)                  OMX/lmex/m/n --> TU/latinmodern-math.otf(3)/m/n on inpu
t line 125.
LaTeX Font Info:    Encoding `OMX' has changed to `TU' for symbol font
(Font)              `largesymbols' in the math version `bold' on input line 125
.
LaTeX Font Info:    Overwriting symbol font `largesymbols' in version `bold'
(Font)                  OMX/lmex/m/n --> TU/latinmodern-math.otf(3)/bx/n on inp
ut line 125.
LaTeX Info: Redefining \microtypecontext on input line 125.
Package microtype Info: Character protrusion enabled (level 2).
Package microtype Info: Using protrusion set `basicmath'.
Package microtype Info: No adjustment of tracking.
Package microtype Info: No adjustment of spacing.
Package microtype Info: No adjustment of kerning.

(C:\Users\eiain\AppData\Roaming\MiKTeX\2.9\tex/latex/microtype\mt-LatinModernRo
man.cfg
File: mt-LatinModernRoman.cfg 2013/03/13 v1.0 microtype config. file: Latin Mod
ern Roman (RS)
)
\AtBeginShipoutBox=\box55
Package hyperref Info: Link coloring OFF on input line 125.
("C:\Program Files\MiKTeX 2.9\tex/latex/hyperref\nameref.sty"
Package: nameref 2016/05/21 v2.44 Cross-referencing by name of section
("C:\Program Files\MiKTeX 2.9\tex/latex/oberdiek\refcount.sty"
Package: refcount 2016/05/16 v3.5 Data extraction from label references (HO)
) ("C:\Program Files\MiKTeX 2.9\tex/generic/oberdiek\gettitlestring.sty"
Package: gettitlestring 2016/05/16 v1.5 Cleanup title references (HO)
)
\c@section@level=\count301
)
LaTeX Info: Redefining \ref on input line 125.
LaTeX Info: Redefining \pageref on input line 125.
LaTeX Info: Redefining \nameref on input line 125.
LaTeX Font Info:    Font shape `TU/latinmodern-math.otf(1)/m/n' will be
(Font)              scaled to size 12.0pt on input line 127.
LaTeX Font Info:    Font shape `TU/latinmodern-math.otf(1)/m/n' will be
(Font)              scaled to size 8.0pt on input line 127.
LaTeX Font Info:    Font shape `TU/latinmodern-math.otf(1)/m/n' will be
(Font)              scaled to size 6.0pt on input line 127.
LaTeX Font Info:    Try loading font information for OML+lmm on input line 127.

("C:\Program Files\MiKTeX 2.9\tex/latex/lm\omllmm.fd"
File: omllmm.fd 2009/10/30 v1.6 Font defs for Latin Modern
)
LaTeX Font Info:    Font shape `TU/latinmodern-math.otf(2)/m/n' will be
(Font)              scaled to size 12.00128pt on input line 127.
LaTeX Font Info:    Font shape `TU/latinmodern-math.otf(2)/m/n' will be
(Font)              scaled to size 8.00085pt on input line 127.
LaTeX Font Info:    Font shape `TU/latinmodern-math.otf(2)/m/n' will be
(Font)              scaled to size 6.00064pt on input line 127.
LaTeX Font Info:    Font shape `TU/latinmodern-math.otf(3)/m/n' will be
(Font)              scaled to size 11.99872pt on input line 127.
LaTeX Font Info:    Font shape `TU/latinmodern-math.otf(3)/m/n' will be
(Font)              scaled to size 7.99915pt on input line 127.
LaTeX Font Info:    Font shape `TU/latinmodern-math.otf(3)/m/n' will be
(Font)              scaled to size 5.99936pt on input line 127.
LaTeX Font Info:    Try loading font information for U+msa on input line 127.
("C:\Program Files\MiKTeX 2.9\tex/latex/amsfonts\umsa.fd"
File: umsa.fd 2013/01/14 v3.01 AMS symbols A
) (C:\Users\eiain\AppData\Roaming\MiKTeX\2.9\tex/latex/microtype\mt-msa.cfg
File: mt-msa.cfg 2006/02/04 v1.1 microtype config. file: AMS symbols (a) (RS)
)
LaTeX Font Info:    Try loading font information for U+msb on input line 127.
("C:\Program Files\MiKTeX 2.9\tex/latex/amsfonts\umsb.fd"
File: umsb.fd 2013/01/14 v3.01 AMS symbols B
) (C:\Users\eiain\AppData\Roaming\MiKTeX\2.9\tex/latex/microtype\mt-msb.cfg
File: mt-msb.cfg 2005/06/01 v1.0 microtype config. file: AMS symbols (b) (RS)
) [1


] [2

] (DSftLS_book.toc
LaTeX Font Info:    Font shape `TU/latinmodern-math.otf(1)/m/n' will be
(Font)              scaled to size 7.0pt on input line 2.
LaTeX Font Info:    Font shape `TU/latinmodern-math.otf(1)/m/n' will be
(Font)              scaled to size 5.0pt on input line 2.
LaTeX Font Info:    Font shape `TU/latinmodern-math.otf(2)/m/n' will be
(Font)              scaled to size 10.00107pt on input line 2.
LaTeX Font Info:    Font shape `TU/latinmodern-math.otf(2)/m/n' will be
(Font)              scaled to size 7.00075pt on input line 2.
LaTeX Font Info:    Font shape `TU/latinmodern-math.otf(2)/m/n' will be
(Font)              scaled to size 5.00053pt on input line 2.
LaTeX Font Info:    Font shape `TU/latinmodern-math.otf(3)/m/n' will be
(Font)              scaled to size 9.99893pt on input line 2.
LaTeX Font Info:    Font shape `TU/latinmodern-math.otf(3)/m/n' will be
(Font)              scaled to size 6.99925pt on input line 2.
LaTeX Font Info:    Font shape `TU/latinmodern-math.otf(3)/m/n' will be
(Font)              scaled to size 4.99947pt on input line 2.
[3])
\tf@toc=\write4
\openout4 = `DSftLS_book.toc'.

[4]
Chapter 1.
File: gitbook_icons.jpg Graphic file (type bmp)
<gitbook_icons.jpg>
[5

] [6]
LaTeX Font Info:    Font shape `TU/lmtt/bx/n' in size <10> not available
(Font)              Font shape `TU/lmtt/b/n' tried instead on input line 246.
File: Process.png Graphic file (type bmp)
<Process.png>
[7] [8] [9] [10

]
Chapter 2.
[11]
Underfull \hbox (badness 10000) in paragraph at lines 597--598

 []

[12]
Underfull \hbox (badness 10000) in paragraph at lines 600--608

 []


Underfull \hbox (badness 10000) in paragraph at lines 600--608

 []


Underfull \hbox (badness 10000) in paragraph at lines 609--615

 []


Underfull \hbox (badness 10000) in paragraph at lines 609--615

 []


Underfull \hbox (badness 10000) in paragraph at lines 616--623

 []


Underfull \hbox (badness 10000) in paragraph at lines 616--623

 []


Underfull \hbox (badness 10000) in paragraph at lines 629--632

 []


Underfull \hbox (badness 10000) in paragraph at lines 629--632

 []


Overfull \hbox (18.70003pt too wide) in paragraph at lines 633--636
[]\TU/lmr/m/n/10 Objects are created using \TU/lmr/bx/n/10 functions\TU/lmr/m/n
/10 . functions take the form \TU/lmtt/m/n/10 function(argument1,
 []

[13]
Underfull \hbox (badness 10000) in paragraph at lines 708--710

 []


Underfull \hbox (badness 10000) in paragraph at lines 708--710

 []


Underfull \hbox (badness 10000) in paragraph at lines 725--727

 []


Underfull \hbox (badness 10000) in paragraph at lines 725--727

 []

[14]
Underfull \hbox (badness 10000) in paragraph at lines 749--754

 []


Underfull \hbox (badness 10000) in paragraph at lines 749--754

 []


Underfull \hbox (badness 10000) in paragraph at lines 756--758

 []


Underfull \hbox (badness 10000) in paragraph at lines 756--758

 []


Underfull \hbox (badness 10000) in paragraph at lines 778--783

 []


Underfull \hbox (badness 10000) in paragraph at lines 778--783

 []


Underfull \hbox (badness 10000) in paragraph at lines 784--786

 []


Underfull \hbox (badness 10000) in paragraph at lines 784--786

 []


Overfull \hbox (54.0pt too wide) in paragraph at lines 819--819
[]\TU/lmtt/m/n/10 ## Warning in mean.default(characters1): argument is not nume
ric or logical:[] 
 []

[15]
Underfull \hbox (badness 10000) in paragraph at lines 825--834

 []


Underfull \hbox (badness 10000) in paragraph at lines 825--834

 []


Overfull \hbox (38.25pt too wide) in paragraph at lines 888--888
[]\TU/lmtt/m/n/10 ##  [1] 0.25762106 0.64534852 0.16293360 0.90189714 0.3335341
5 0.37477138[] 
 []


Overfull \hbox (38.25pt too wide) in paragraph at lines 888--888
[]\TU/lmtt/m/n/10 ##  [7] 0.27921316 0.31539952 0.61624019 0.34450912 0.9640406
8 0.38703375[] 
 []


Overfull \hbox (38.25pt too wide) in paragraph at lines 888--888
[]\TU/lmtt/m/n/10 ## [13] 0.92580388 0.01614490 0.17433879 0.24426455 0.6771915
8 0.47297756[] 
 []


Overfull \hbox (38.25pt too wide) in paragraph at lines 888--888
[]\TU/lmtt/m/n/10 ## [19] 0.25817466 0.31090434 0.06556366 0.43236615 0.8315677
7 0.34098518[] 
 []


Overfull \hbox (90.75pt too wide) in paragraph at lines 900--900
[]\TU/lmtt/m/n/10 ##  [1] "A" "B" "C" "D" "E" "F" "G" "H" "I" "J" "K" "L" "M" "
N" "O" "P" "Q" "R" "S"[] 
 []

[16]
Underfull \hbox (badness 10000) in paragraph at lines 902--905

 []


Overfull \hbox (59.25pt too wide) in paragraph at lines 920--920
[]\TU/lmtt/m/n/10 ##  [1] 2.5762106 6.4534852 1.6293360 9.0189714 3.3353415 3.7
477138 2.7921316[] 
 []


Overfull \hbox (59.25pt too wide) in paragraph at lines 920--920
[]\TU/lmtt/m/n/10 ##  [8] 3.1539952 6.1624019 3.4450912 9.6404068 3.8703375 9.2
580388 0.1614490[] 
 []


Overfull \hbox (59.25pt too wide) in paragraph at lines 920--920
[]\TU/lmtt/m/n/10 ## [15] 1.7433879 2.4426455 6.7719158 4.7297756 2.5817466 3.1
090434 0.6556366[] 
 []


Overfull \hbox (69.75pt too wide) in paragraph at lines 934--934
[]\TU/lmtt/m/n/10 ##  [1]  -0.7423789  -1.3546515  -2.8370664  -3.0981029  -4.6
664658  -5.6252286[] 
 []


Overfull \hbox (69.75pt too wide) in paragraph at lines 934--934
[]\TU/lmtt/m/n/10 ##  [7]  -6.7207868  -7.6846005  -8.3837598  -9.6554909 -10.0
359593 -11.6129663[] 
 []


Overfull \hbox (69.75pt too wide) in paragraph at lines 934--934
[]\TU/lmtt/m/n/10 ## [13] -12.0741961 -13.9838551 -14.8256612 -15.7557355 -16.3
228084 -17.5270224[] 
 []


Overfull \hbox (69.75pt too wide) in paragraph at lines 934--934
[]\TU/lmtt/m/n/10 ## [19] -18.7418253 -19.6890957 -20.9344363 -21.5676338 -22.1
684322 -23.6590148[] 
 []


Overfull \hbox (80.25pt too wide) in paragraph at lines 945--945
[]\TU/lmtt/m/n/10 ## Warning in num * c(10, -10): longer object length is not a
 multiple of shorter[] 
 []


Overfull \hbox (38.25pt too wide) in paragraph at lines 953--953
[]\TU/lmtt/m/n/10 ##  [1]  2.5762106 -6.4534852  1.6293360 -9.0189714  3.335341
5 -3.7477138[] 
 []


Overfull \hbox (38.25pt too wide) in paragraph at lines 953--953
[]\TU/lmtt/m/n/10 ##  [7]  2.7921316 -3.1539952  6.1624019 -3.4450912  9.640406
8 -3.8703375[] 
 []


Overfull \hbox (38.25pt too wide) in paragraph at lines 953--953
[]\TU/lmtt/m/n/10 ## [13]  9.2580388 -0.1614490  1.7433879 -2.4426455  6.771915
8 -4.7297756[] 
 []


Overfull \hbox (38.25pt too wide) in paragraph at lines 953--953
[]\TU/lmtt/m/n/10 ## [19]  2.5817466 -3.1090434  0.6556366 -4.3236615  8.315677
7 -3.4098518[] 
 []

[17]
Underfull \hbox (badness 10000) in paragraph at lines 987--990

 []


Underfull \hbox (badness 10000) in paragraph at lines 987--990

 []


Overfull \hbox (69.75pt too wide) in paragraph at lines 1009--1009
[]\TU/lmtt/m/n/10 ##  [1] FALSE  TRUE FALSE  TRUE FALSE FALSE FALSE FALSE  TRUE
 FALSE  TRUE FALSE[] 
 []


Overfull \hbox (69.75pt too wide) in paragraph at lines 1009--1009
[]\TU/lmtt/m/n/10 ## [13]  TRUE FALSE FALSE FALSE  TRUE FALSE FALSE FALSE FALSE
 FALSE  TRUE FALSE[] 
 []


Underfull \hbox (badness 10000) in paragraph at lines 1011--1013

 []


Underfull \hbox (badness 10000) in paragraph at lines 1011--1013

 []


Underfull \hbox (badness 10000) in paragraph at lines 1014--1016

 []


Underfull \hbox (badness 10000) in paragraph at lines 1014--1016

 []


Underfull \hbox (badness 10000) in paragraph at lines 1033--1034

 []


Overfull \hbox (6.75pt too wide) in paragraph at lines 1047--1047
[]\TU/lmtt/m/n/10 ##  [1]  TRUE  TRUE  TRUE  TRUE  TRUE FALSE FALSE FALSE FALSE
 FALSE[] 
 []


Underfull \hbox (badness 10000) in paragraph at lines 1049--1052

 []


Underfull \hbox (badness 10000) in paragraph at lines 1049--1052

 []

[18]
Underfull \hbox (badness 10000) in paragraph at lines 1054--1056

 []


Underfull \hbox (badness 10000) in paragraph at lines 1054--1056

 []


Underfull \hbox (badness 10000) in paragraph at lines 1057--1059

 []


Underfull \hbox (badness 10000) in paragraph at lines 1057--1059

 []


Underfull \hbox (badness 10000) in paragraph at lines 1060--1062

 []


Underfull \hbox (badness 10000) in paragraph at lines 1060--1062

 []


Underfull \hbox (badness 10000) in paragraph at lines 1082--1085

 []


Underfull \hbox (badness 10000) in paragraph at lines 1082--1085

 []


Underfull \hbox (badness 10000) in paragraph at lines 1091--1095

 []


Underfull \hbox (badness 10000) in paragraph at lines 1091--1095

 []


Underfull \hbox (badness 10000) in paragraph at lines 1096--1101

 []


Underfull \hbox (badness 10000) in paragraph at lines 1096--1101

 []

[19]
Underfull \hbox (badness 10000) in paragraph at lines 1102--1105

 []


Underfull \hbox (badness 10000) in paragraph at lines 1102--1105

 []

[20]
Chapter 3.

Underfull \hbox (badness 10000) in paragraph at lines 1133--1143

 []


Underfull \hbox (badness 10000) in paragraph at lines 1133--1143

 []


Underfull \vbox (badness 4819) has occurred while \output is active []

[21

]
Underfull \hbox (badness 10000) in paragraph at lines 1178--1179

 []


Underfull \hbox (badness 10000) in paragraph at lines 1233--1234

 []

[22]
Underfull \hbox (badness 10000) in paragraph at lines 1278--1280

 []


Underfull \hbox (badness 10000) in paragraph at lines 1278--1280

 []


Underfull \hbox (badness 10000) in paragraph at lines 1293--1296

 []


Underfull \hbox (badness 10000) in paragraph at lines 1293--1296

 []


Underfull \hbox (badness 10000) in paragraph at lines 1300--1303

 []


Underfull \hbox (badness 10000) in paragraph at lines 1300--1303

 []


Underfull \vbox (badness 1939) has occurred while \output is active []

[23]
Underfull \hbox (badness 5578) in paragraph at lines 1305--1305
[]\TU/lmr/bx/n/14.4 DATA VISUALISATION (ONE VARI-
 []


Underfull \hbox (badness 10000) in paragraph at lines 1307--1309

 []


Underfull \hbox (badness 10000) in paragraph at lines 1322--1324

 []


Underfull \hbox (badness 10000) in paragraph at lines 1322--1324

 []


Underfull \hbox (badness 10000) in paragraph at lines 1337--1338

 []

[24]
Underfull \hbox (badness 10000) in paragraph at lines 1354--1355

 []


Underfull \hbox (badness 10000) in paragraph at lines 1365--1369

 []


Underfull \hbox (badness 10000) in paragraph at lines 1365--1369

 []


Underfull \hbox (badness 10000) in paragraph at lines 1395--1398

 []


Underfull \hbox (badness 10000) in paragraph at lines 1395--1398

 []


Underfull \hbox (badness 10000) in paragraph at lines 1403--1405

 []


Underfull \hbox (badness 10000) in paragraph at lines 1403--1405

 []

[25]
Underfull \hbox (badness 10000) in paragraph at lines 1412--1414

 []


Underfull \hbox (badness 10000) in paragraph at lines 1412--1414

 []


Underfull \hbox (badness 10000) in paragraph at lines 1420--1422

 []


Underfull \hbox (badness 10000) in paragraph at lines 1420--1422

 []


Underfull \hbox (badness 10000) in paragraph at lines 1449--1451

 []


Underfull \hbox (badness 10000) in paragraph at lines 1449--1451

 []

[26]
Underfull \hbox (badness 10000) in paragraph at lines 1461--1463

 []


Underfull \hbox (badness 10000) in paragraph at lines 1461--1463

 []


Underfull \hbox (badness 10000) in paragraph at lines 1471--1475

 []


Underfull \hbox (badness 10000) in paragraph at lines 1471--1475

 []


Underfull \hbox (badness 10000) in paragraph at lines 1500--1502

 []


Underfull \hbox (badness 10000) in paragraph at lines 1500--1502

 []

[27] [28]
Chapter 4.

Underfull \hbox (badness 10000) in paragraph at lines 1538--1542

 []


Underfull \hbox (badness 10000) in paragraph at lines 1538--1542

 []


Underfull \hbox (badness 10000) in paragraph at lines 1544--1545

 []


Underfull \hbox (badness 10000) in paragraph at lines 1546--1548

 []

[29

]
Underfull \hbox (badness 10000) in paragraph at lines 1584--1586

 []


Underfull \hbox (badness 10000) in paragraph at lines 1584--1586

 []

[30]
Underfull \hbox (badness 10000) in paragraph at lines 1665--1667

 []


Underfull \hbox (badness 10000) in paragraph at lines 1665--1667

 []


Underfull \hbox (badness 10000) in paragraph at lines 1679--1685

 []


Underfull \hbox (badness 10000) in paragraph at lines 1679--1685

 []


Underfull \hbox (badness 10000) in paragraph at lines 1695--1698

 []


Underfull \hbox (badness 10000) in paragraph at lines 1695--1698

 []

LaTeX Font Info:    Font shape `TU/lmtt/bx/n' in size <12> not available
(Font)              Font shape `TU/lmtt/b/n' tried instead on input line 1700.

Underfull \vbox (badness 1048) has occurred while \output is active []

[31]
Underfull \hbox (badness 10000) in paragraph at lines 1714--1716

 []


Underfull \hbox (badness 10000) in paragraph at lines 1714--1716

 []


Underfull \hbox (badness 10000) in paragraph at lines 1726--1728

 []


Underfull \hbox (badness 10000) in paragraph at lines 1726--1728

 []


Underfull \hbox (badness 10000) in paragraph at lines 1748--1752

 []


Underfull \hbox (badness 10000) in paragraph at lines 1748--1752

 []

[32]
Underfull \hbox (badness 10000) in paragraph at lines 1771--1773

 []


Underfull \hbox (badness 10000) in paragraph at lines 1771--1773

 []


Underfull \hbox (badness 10000) in paragraph at lines 1782--1784

 []


Underfull \hbox (badness 10000) in paragraph at lines 1782--1784

 []


Underfull \hbox (badness 10000) in paragraph at lines 1794--1796

 []


Underfull \hbox (badness 10000) in paragraph at lines 1794--1796

 []


Underfull \hbox (badness 10000) in paragraph at lines 1814--1816

 []

[33]
Underfull \hbox (badness 10000) in paragraph at lines 1820--1823

 []


Underfull \hbox (badness 10000) in paragraph at lines 1820--1823

 []


Underfull \hbox (badness 10000) in paragraph at lines 1834--1835

 []


Underfull \hbox (badness 10000) in paragraph at lines 1841--1846

 []


Underfull \hbox (badness 10000) in paragraph at lines 1841--1846

 []


Underfull \hbox (badness 10000) in paragraph at lines 1847--1849

 []


Underfull \hbox (badness 10000) in paragraph at lines 1847--1849

 []

[34]
Underfull \hbox (badness 10000) in paragraph at lines 1869--1870

 []


Underfull \hbox (badness 10000) in paragraph at lines 1887--1888

 []


Underfull \hbox (badness 10000) in paragraph at lines 1895--1903

 []


Underfull \hbox (badness 10000) in paragraph at lines 1895--1903

 []

[35] [36

]
Chapter 5.

Underfull \hbox (badness 10000) in paragraph at lines 1924--1928

 []

[37]
Underfull \hbox (badness 10000) in paragraph at lines 1963--1965

 []


Underfull \hbox (badness 10000) in paragraph at lines 1963--1965

 []


Underfull \hbox (badness 10000) in paragraph at lines 2030--2032

 []


Underfull \hbox (badness 10000) in paragraph at lines 2030--2032

 []

[38]
Underfull \hbox (badness 10000) in paragraph at lines 2066--2068

 []


Underfull \hbox (badness 10000) in paragraph at lines 2066--2068

 []


Underfull \hbox (badness 10000) in paragraph at lines 2079--2082

 []


Underfull \hbox (badness 10000) in paragraph at lines 2079--2082

 []


Underfull \hbox (badness 10000) in paragraph at lines 2088--2090

 []


Underfull \hbox (badness 10000) in paragraph at lines 2088--2090

 []

[39]
Underfull \hbox (badness 10000) in paragraph at lines 2118--2123

 []


Underfull \hbox (badness 10000) in paragraph at lines 2118--2123

 []


Underfull \hbox (badness 3590) in paragraph at lines 2125--2125
[]\TU/lmr/bx/n/14.4 DATA VISUALISATION (TWO VARI-
 []


Underfull \hbox (badness 10000) in paragraph at lines 2142--2144

 []


Underfull \hbox (badness 10000) in paragraph at lines 2142--2144

 []


Underfull \hbox (badness 10000) in paragraph at lines 2150--2152

 []


Underfull \hbox (badness 10000) in paragraph at lines 2150--2152

 []


Underfull \hbox (badness 10000) in paragraph at lines 2156--2160

 []


Underfull \hbox (badness 10000) in paragraph at lines 2156--2160

 []

[40]
File: DSftLS_book_files/figure-latex/unnamed-chunk-41-1.pdf Graphic file (type 
pdf)
<use DSftLS_book_files/figure-latex/unnamed-chunk-41-1.pdf>

Underfull \hbox (badness 10000) in paragraph at lines 2175--2177

 []


Underfull \hbox (badness 10000) in paragraph at lines 2175--2177

 []


Underfull \hbox (badness 10000) in paragraph at lines 2181--2183

 []


Underfull \hbox (badness 10000) in paragraph at lines 2181--2183

 []

[41]
Underfull \hbox (badness 10000) in paragraph at lines 2203--2205

 []


Underfull \hbox (badness 10000) in paragraph at lines 2203--2205

 []


Overfull \hbox (1.5pt too wide) in paragraph at lines 2228--2228
[]\TU/lmtt/m/n/10 ## Warning: Removed 1 rows containing missing values (geom_po
int).[] 
 []

File: DSftLS_book_files/figure-latex/unnamed-chunk-43-1.pdf Graphic file (type 
pdf)
<use DSftLS_book_files/figure-latex/unnamed-chunk-43-1.pdf>

Underfull \hbox (badness 10000) in paragraph at lines 2230--2231

 []


Underfull \vbox (badness 10000) has occurred while \output is active []

[42]
Underfull \hbox (badness 10000) in paragraph at lines 2233--2235

 []


Underfull \hbox (badness 10000) in paragraph at lines 2233--2235

 []

File: DSftLS_book_files/figure-latex/unnamed-chunk-44-1.pdf Graphic file (type 
pdf)
<use DSftLS_book_files/figure-latex/unnamed-chunk-44-1.pdf>

Underfull \hbox (badness 10000) in paragraph at lines 2236--2243

 []


Underfull \hbox (badness 10000) in paragraph at lines 2236--2243

 []


Underfull \vbox (badness 10000) has occurred while \output is active []

[43]
Underfull \hbox (badness 10000) in paragraph at lines 2257--2259

 []


Underfull \hbox (badness 10000) in paragraph at lines 2257--2259

 []


Underfull \hbox (badness 10000) in paragraph at lines 2278--2279

 []

File: DSftLS_book_files/figure-latex/unnamed-chunk-45-1.pdf Graphic file (type 
pdf)
<use DSftLS_book_files/figure-latex/unnamed-chunk-45-1.pdf>

Underfull \hbox (badness 10000) in paragraph at lines 2281--2284

 []


Underfull \hbox (badness 10000) in paragraph at lines 2281--2284

 []

[44]
Underfull \hbox (badness 10000) in paragraph at lines 2295--2297

 []


Underfull \hbox (badness 10000) in paragraph at lines 2295--2297

 []


Overfull \hbox (27.75pt too wide) in paragraph at lines 2318--2318
[]\TU/lmtt/m/n/10 ## Warning: Removed 1 rows containing non-finite values (stat
_boxplot).[] 
 []

File: DSftLS_book_files/figure-latex/unnamed-chunk-46-1.pdf Graphic file (type 
pdf)
<use DSftLS_book_files/figure-latex/unnamed-chunk-46-1.pdf>

Underfull \hbox (badness 10000) in paragraph at lines 2320--2321

 []

[45]
Underfull \hbox (badness 10000) in paragraph at lines 2332--2334

 []


Underfull \hbox (badness 10000) in paragraph at lines 2332--2334

 []

[46]
Underfull \hbox (badness 10000) in paragraph at lines 2357--2359

 []


Underfull \hbox (badness 10000) in paragraph at lines 2357--2359

 []


Underfull \hbox (badness 10000) in paragraph at lines 2363--2373

 []


Underfull \hbox (badness 10000) in paragraph at lines 2363--2373

 []


Underfull \hbox (badness 10000) in paragraph at lines 2375--2375
[]\TU/lmr/bx/n/12 EXPERIMENTAL DESIGN, NONINDEPEN-
 []

[47]
Underfull \hbox (badness 10000) in paragraph at lines 2405--2407

 []


Underfull \hbox (badness 10000) in paragraph at lines 2405--2407

 []


Underfull \hbox (badness 10000) in paragraph at lines 2415--2417

 []


Underfull \hbox (badness 10000) in paragraph at lines 2415--2417

 []


Underfull \hbox (badness 10000) in paragraph at lines 2441--2442

 []

[48]
Underfull \hbox (badness 10000) in paragraph at lines 2466--2471

 []


Underfull \hbox (badness 10000) in paragraph at lines 2466--2471

 []

No file DSftLS_book.bbl.
Package atveryend Info: Empty hook `BeforeClearDocument' on input line 2474.
[49]
Package atveryend Info: Empty hook `AfterLastShipout' on input line 2474.
(DSftLS_book.aux)
Package atveryend Info: Empty hook `AtVeryEndDocument' on input line 2474.
Package atveryend Info: Empty hook `AtEndAfterFileList' on input line 2474.

LaTeX Warning: There were multiply-defined labels.

 ) 
Here is how much of TeX's memory you used:
 30892 strings out of 427669
 557121 string characters out of 3149215
 775211 words of memory out of 3000000
 34658 multiletter control sequences out of 15000+200000
 541514 words of font info for 86 fonts, out of 3000000 for 9000
 1348 hyphenation exceptions out of 8191
 58i,7n,118p,812b,2146s stack positions out of 5000i,500n,10000p,200000b,50000s

Output written on DSftLS_book.pdf (49 pages).

! xelatex: warning: running with administrator privileges
! miktex-dvipdfmx: warning: running with administrator privileges
